2024-09-23 10:31:23,720 INFO Training, test, and store data loaded.
2024-09-23 10:31:57,155 INFO Training data merged with store data and columns Customers, PromoInterval dropped.
2024-09-23 10:31:57,202 INFO Testing data merged with store data and columns Id, PromoInterval dropped.
2024-09-23 10:32:32,902 INFO Handling missing values...
2024-09-23 10:32:42,703 INFO Detecting and handling outliers...
2024-09-23 10:32:48,467 INFO Missing values and outliers handled.
2024-09-23 10:32:52,845 INFO Categorical columns: ['Date', 'StateHoliday', 'StoreType', 'Assortment', 'PromoInterval']
2024-09-23 10:32:58,218 INFO Date data has 942 unique values.
2024-09-23 10:32:58,687 INFO Date data sample values: 
Date
2015-01-01    1114
2014-01-01    1114
2013-12-24    1114
2013-12-25    1114
2013-05-19    1113
              ... 
2014-12-16     745
2014-12-23     739
2014-12-22     704
2013-12-16     635
2014-12-15     620
Name: count, Length: 942, dtype: int64

2024-09-23 10:32:58,991 INFO StateHoliday data has 4 unique values.
2024-09-23 10:32:59,356 INFO StateHoliday data sample values: 
StateHoliday
0    959606
a     20165
b      6655
c      4089
Name: count, dtype: int64

2024-09-23 10:32:59,636 INFO StoreType data has 4 unique values.
2024-09-23 10:33:00,091 INFO StoreType data sample values: 
StoreType
a    535077
d    309038
c    133872
b     12528
Name: count, dtype: int64

2024-09-23 10:33:00,431 INFO Assortment data has 3 unique values.
2024-09-23 10:33:00,801 INFO Assortment data sample values: 
Assortment
a    527062
c    456016
b      7437
Name: count, dtype: int64

2024-09-23 10:33:00,864 INFO PromoInterval data has 3 unique values.
2024-09-23 10:33:01,152 INFO PromoInterval data sample values: 
PromoInterval
Jan,Apr,Jul,Oct     538755
Feb,May,Aug,Nov     242081
Mar,Jun,Sept,Dec    209678
Name: count, dtype: int64

2024-09-23 10:33:09,172 INFO Rows with missing values dropped.
2024-09-23 10:33:13,912 INFO Extracting date features...
2024-09-23 10:33:15,452 INFO Date features extracted.
2024-09-23 10:33:25,061 INFO Converting categorical columns to numerical...
2024-09-23 10:33:25,653 INFO Categorical columns converted to numerical.
2024-09-23 10:33:31,675 INFO Target column Sales relocated to the end.
2024-09-23 10:33:41,804 INFO Preprocessed data sample: 
   Store  DayOfWeek       Date  Customers  Open  Promo  StateHoliday  \
1      2          4 2015-07-31        625     1      1             0   
2      3          4 2015-07-31        821     1      1             0   
3      4          4 2015-07-31       1498     1      1             0   
4      5          4 2015-07-31        559     1      1             0   
5      6          4 2015-07-31        589     1      1             0   

   SchoolHoliday  StoreType  Assortment  ...  CompetitionOpenSinceMonth  \
1              1          1           1  ...                       11.0   
2              1          1           1  ...                       12.0   
3              1          3           3  ...                        9.0   
4              1          1           1  ...                        4.0   
5              1          1           1  ...                       12.0   

   CompetitionOpenSinceYear  Promo2  Promo2SinceWeek  Promo2SinceYear  \
1                    2007.0       1             13.0           2010.0   
2                    2006.0       1             14.0           2011.0   
3                    2009.0       0             14.0           2011.0   
4                    2015.0       0             14.0           2011.0   
5                    2013.0       0             14.0           2011.0   

     PromoInterval  Year  Month  Day  Sales  
1  Jan,Apr,Jul,Oct  2015      7   31   6064  
2  Jan,Apr,Jul,Oct  2015      7   31   8314  
3  Jan,Apr,Jul,Oct  2015      7   31  13995  
4  Jan,Apr,Jul,Oct  2015      7   31   4822  
5  Jan,Apr,Jul,Oct  2015      7   31   5651  

[5 rows x 21 columns]
2024-09-23 10:33:41,927 INFO Preprocessed data sample: 
   Id  Store  DayOfWeek       Date  Open  Promo  StateHoliday  SchoolHoliday  \
0   1      1          3 2015-09-17   1.0      1             0              0   
1   2      3          3 2015-09-17   1.0      1             0              0   
2   3      7          3 2015-09-17   1.0      1             0              0   
3   4      8          3 2015-09-17   1.0      1             0              0   
4   5      9          3 2015-09-17   1.0      1             0              0   

   StoreType  Assortment  CompetitionDistance  CompetitionOpenSinceMonth  \
0          3           1               1270.0                        9.0   
1          1           1              14130.0                       12.0   
2          1           3              24000.0                        4.0   
3          1           1               7520.0                       10.0   
4          1           3               2030.0                        8.0   

   CompetitionOpenSinceYear  Promo2  Promo2SinceWeek  Promo2SinceYear  \
0                    2008.0       0              NaN              NaN   
1                    2006.0       1             14.0           2011.0   
2                    2013.0       0             14.0           2011.0   
3                    2014.0       0             14.0           2011.0   
4                    2000.0       0             14.0           2011.0   

     PromoInterval  Year  Month  Day  
0              NaN  2015      9   17  
1  Jan,Apr,Jul,Oct  2015      9   17  
2  Jan,Apr,Jul,Oct  2015      9   17  
3  Jan,Apr,Jul,Oct  2015      9   17  
4  Jan,Apr,Jul,Oct  2015      9   17  
2024-09-23 10:33:48,705 INFO Comparing promotion distribution between training and test sets...
